[0m20:37:23.631794 [debug] [MainThread]: Sending event: {'category': 'dbt', 'action': 'invocation', 'label': 'start', 'context': [<snowplow_tracker.self_describing_json.SelfDescribingJson object at 0x0000025027E2A650>, <snowplow_tracker.self_describing_json.SelfDescribingJson object at 0x000002502B034B50>, <snowplow_tracker.self_describing_json.SelfDescribingJson object at 0x000002502B22B190>]}


============================== 20:37:23.635827 | 8674ef2e-fa99-4857-a3c8-caf7f93cae94 ==============================
[0m20:37:23.635827 [info ] [MainThread]: Running with dbt=1.6.6
[0m20:37:23.637793 [debug] [MainThread]: running dbt with arguments {'printer_width': '80', 'indirect_selection': 'eager', 'write_json': 'True', 'log_cache_events': 'False', 'partial_parse': 'True', 'cache_selected_only': 'False', 'profiles_dir': 'C:\\Users\\aibar\\.dbt', 'debug': 'False', 'fail_fast': 'False', 'log_path': 'logs', 'warn_error': 'None', 'version_check': 'True', 'use_colors': 'True', 'use_experimental_parser': 'False', 'no_print': 'None', 'quiet': 'False', 'log_format': 'default', 'static_parser': 'True', 'invocation_command': 'dbt init', 'introspect': 'True', 'target_path': 'None', 'warn_error_options': 'WarnErrorOptions(include=[], exclude=[])', 'send_anonymous_usage_stats': 'True'}
[0m20:37:32.558527 [debug] [MainThread]: Starter project path: c:\Users\aibar\OneDrive\Desktop\dbt-dev\.venv\Lib\site-packages\dbt\include\starter_project
[0m20:37:32.595526 [info ] [MainThread]: 
Your new dbt project "bde_aibarna" was created!

For more information on how to configure the profiles.yml file,
please consult the dbt documentation here:

  https://docs.getdbt.com/docs/configure-your-profile

One more thing:

Need help? Don't hesitate to reach out to us via GitHub issues or on Slack:

  https://community.getdbt.com/

Happy modeling!

[0m20:37:32.599524 [info ] [MainThread]: Setting up your profile.
[0m20:37:49.379445 [debug] [MainThread]: Command `dbt init` succeeded at 20:37:49.378441 after 25.77 seconds
[0m20:37:49.380407 [debug] [MainThread]: Sending event: {'category': 'dbt', 'action': 'invocation', 'label': 'end', 'context': [<snowplow_tracker.self_describing_json.SelfDescribingJson object at 0x000002502443AF50>, <snowplow_tracker.self_describing_json.SelfDescribingJson object at 0x000002502470D290>, <snowplow_tracker.self_describing_json.SelfDescribingJson object at 0x000002502448C1D0>]}
[0m20:37:49.381407 [debug] [MainThread]: Flushing usage events
[0m20:42:17.984618 [debug] [MainThread]: Sending event: {'category': 'dbt', 'action': 'invocation', 'label': 'start', 'context': [<snowplow_tracker.self_describing_json.SelfDescribingJson object at 0x000001CE647CBED0>, <snowplow_tracker.self_describing_json.SelfDescribingJson object at 0x000001CE645E8450>, <snowplow_tracker.self_describing_json.SelfDescribingJson object at 0x000001CE647E8190>]}


============================== 20:42:17.988617 | bca6694a-c96b-49c7-9b76-8ef2edc3b14d ==============================
[0m20:42:17.988617 [info ] [MainThread]: Running with dbt=1.6.6
[0m20:42:17.989592 [debug] [MainThread]: running dbt with arguments {'printer_width': '80', 'indirect_selection': 'eager', 'write_json': 'True', 'log_cache_events': 'False', 'partial_parse': 'True', 'cache_selected_only': 'False', 'profiles_dir': 'C:\\Users\\aibar\\.dbt', 'debug': 'False', 'warn_error': 'None', 'log_path': 'logs', 'version_check': 'True', 'fail_fast': 'False', 'use_colors': 'True', 'use_experimental_parser': 'False', 'no_print': 'None', 'quiet': 'False', 'log_format': 'default', 'introspect': 'True', 'static_parser': 'True', 'invocation_command': 'dbt init', 'target_path': 'None', 'warn_error_options': 'WarnErrorOptions(include=[], exclude=[])', 'send_anonymous_usage_stats': 'True'}
[0m20:42:32.334610 [debug] [MainThread]: Starter project path: c:\Users\aibar\OneDrive\Desktop\dbt-dev\.venv\Lib\site-packages\dbt\include\starter_project
[0m20:42:32.372460 [info ] [MainThread]: 
Your new dbt project "bde_at3_aibarna" was created!

For more information on how to configure the profiles.yml file,
please consult the dbt documentation here:

  https://docs.getdbt.com/docs/configure-your-profile

One more thing:

Need help? Don't hesitate to reach out to us via GitHub issues or on Slack:

  https://community.getdbt.com/

Happy modeling!

[0m20:42:32.379482 [info ] [MainThread]: Setting up your profile.
[0m20:42:34.482189 [debug] [MainThread]: Command `dbt init` succeeded at 20:42:34.482189 after 16.52 seconds
[0m20:42:34.483202 [debug] [MainThread]: Sending event: {'category': 'dbt', 'action': 'invocation', 'label': 'end', 'context': [<snowplow_tracker.self_describing_json.SelfDescribingJson object at 0x000001CE649834D0>, <snowplow_tracker.self_describing_json.SelfDescribingJson object at 0x000001CE6460E090>, <snowplow_tracker.self_describing_json.SelfDescribingJson object at 0x000001CE622634D0>]}
[0m20:42:34.485193 [debug] [MainThread]: Flushing usage events
[0m21:10:54.282565 [debug] [MainThread]: Sending event: {'category': 'dbt', 'action': 'invocation', 'label': 'start', 'context': [<snowplow_tracker.self_describing_json.SelfDescribingJson object at 0x0000021D67512310>, <snowplow_tracker.self_describing_json.SelfDescribingJson object at 0x0000021D673BBD90>, <snowplow_tracker.self_describing_json.SelfDescribingJson object at 0x0000021D641526D0>]}


============================== 21:10:54.286565 | cabbd8e8-325b-4edc-a5f7-01bc4869a32d ==============================
[0m21:10:54.286565 [info ] [MainThread]: Running with dbt=1.6.6
[0m21:10:54.288555 [debug] [MainThread]: running dbt with arguments {'printer_width': '80', 'indirect_selection': 'eager', 'write_json': 'True', 'log_cache_events': 'False', 'partial_parse': 'True', 'cache_selected_only': 'False', 'warn_error': 'None', 'fail_fast': 'False', 'version_check': 'True', 'log_path': 'logs', 'debug': 'False', 'profiles_dir': 'C:\\Users\\aibar\\.dbt', 'use_colors': 'True', 'use_experimental_parser': 'False', 'no_print': 'None', 'quiet': 'False', 'warn_error_options': 'WarnErrorOptions(include=[], exclude=[])', 'static_parser': 'True', 'log_format': 'default', 'invocation_command': 'dbt debug', 'target_path': 'None', 'introspect': 'True', 'send_anonymous_usage_stats': 'True'}
[0m21:10:54.289544 [info ] [MainThread]: dbt version: 1.6.6
[0m21:10:54.290544 [info ] [MainThread]: python version: 3.11.4
[0m21:10:54.292544 [info ] [MainThread]: python path: c:\Users\aibar\OneDrive\Desktop\dbt-dev\.venv\Scripts\python.exe
[0m21:10:54.293544 [info ] [MainThread]: os info: Windows-10-10.0.19045-SP0
[0m21:10:54.368581 [info ] [MainThread]: Using profiles dir at C:\Users\aibar\.dbt
[0m21:10:54.371537 [info ] [MainThread]: Using profiles.yml file at C:\Users\aibar\.dbt\profiles.yml
[0m21:10:54.373540 [info ] [MainThread]: Using dbt_project.yml file at C:\Users\aibar\OneDrive\Desktop\dbt-dev\dbt_project.yml
[0m21:10:54.374538 [info ] [MainThread]: Configuration:
[0m21:10:54.375537 [info ] [MainThread]:   profiles.yml file [[31mERROR invalid[0m]
[0m21:10:54.377568 [info ] [MainThread]:   dbt_project.yml file [[31mERROR not found[0m]
[0m21:10:54.380540 [info ] [MainThread]: Required dependencies:
[0m21:10:54.382546 [debug] [MainThread]: Executing "git --help"
[0m21:10:54.444568 [debug] [MainThread]: STDOUT: "b"usage: git [-v | --version] [-h | --help] [-C <path>] [-c <name>=<value>]\n           [--exec-path[=<path>]] [--html-path] [--man-path] [--info-path]\n           [-p | --paginate | -P | --no-pager] [--no-replace-objects] [--bare]\n           [--git-dir=<path>] [--work-tree=<path>] [--namespace=<name>]\n           [--config-env=<name>=<envvar>] <command> [<args>]\n\nThese are common Git commands used in various situations:\n\nstart a working area (see also: git help tutorial)\n   clone     Clone a repository into a new directory\n   init      Create an empty Git repository or reinitialize an existing one\n\nwork on the current change (see also: git help everyday)\n   add       Add file contents to the index\n   mv        Move or rename a file, a directory, or a symlink\n   restore   Restore working tree files\n   rm        Remove files from the working tree and from the index\n\nexamine the history and state (see also: git help revisions)\n   bisect    Use binary search to find the commit that introduced a bug\n   diff      Show changes between commits, commit and working tree, etc\n   grep      Print lines matching a pattern\n   log       Show commit logs\n   show      Show various types of objects\n   status    Show the working tree status\n\ngrow, mark and tweak your common history\n   branch    List, create, or delete branches\n   commit    Record changes to the repository\n   merge     Join two or more development histories together\n   rebase    Reapply commits on top of another base tip\n   reset     Reset current HEAD to the specified state\n   switch    Switch branches\n   tag       Create, list, delete or verify a tag object signed with GPG\n\ncollaborate (see also: git help workflows)\n   fetch     Download objects and refs from another repository\n   pull      Fetch from and integrate with another repository or a local branch\n   push      Update remote refs along with associated objects\n\n'git help -a' and 'git help -g' list available subcommands and some\nconcept guides. See 'git help <command>' or 'git help <concept>'\nto read about a specific subcommand or concept.\nSee 'git help git' for an overview of the system.\n""
[0m21:10:54.447542 [debug] [MainThread]: STDERR: "b''"
[0m21:10:54.449543 [info ] [MainThread]:  - git [[32mOK found[0m]

[0m21:10:54.452560 [info ] [MainThread]: Connection test skipped since no profile was found
[0m21:10:54.455584 [info ] [MainThread]: [31m2 checks failed:[0m
[0m21:10:54.457538 [info ] [MainThread]: Could not load dbt_project.yml
Profile loading failed for the following reason:
Runtime Error
  Credentials in profile "bde_at3_aibarna", target "dev" invalid: None is not of type 'string'


[0m21:10:54.460538 [info ] [MainThread]: Project loading failed for the following reason:
 project path <C:\Users\aibar\OneDrive\Desktop\dbt-dev\dbt_project.yml> not found

[0m21:10:54.466594 [debug] [MainThread]: Command `dbt debug` failed at 21:10:54.465547 after 0.20 seconds
[0m21:10:54.467556 [debug] [MainThread]: Sending event: {'category': 'dbt', 'action': 'invocation', 'label': 'end', 'context': [<snowplow_tracker.self_describing_json.SelfDescribingJson object at 0x0000021D671FDE50>, <snowplow_tracker.self_describing_json.SelfDescribingJson object at 0x0000021D677A1D90>, <snowplow_tracker.self_describing_json.SelfDescribingJson object at 0x0000021D66BFA150>]}
[0m21:10:54.469550 [debug] [MainThread]: Flushing usage events
[0m21:11:41.882871 [debug] [MainThread]: Sending event: {'category': 'dbt', 'action': 'invocation', 'label': 'start', 'context': [<snowplow_tracker.self_describing_json.SelfDescribingJson object at 0x0000022A8A638490>, <snowplow_tracker.self_describing_json.SelfDescribingJson object at 0x0000022A8A089D90>, <snowplow_tracker.self_describing_json.SelfDescribingJson object at 0x0000022A8AC36F90>]}


============================== 21:11:41.888878 | 1b2399a3-3260-4725-9c0d-80feb6a16ee6 ==============================
[0m21:11:41.888878 [info ] [MainThread]: Running with dbt=1.6.6
[0m21:11:41.890870 [debug] [MainThread]: running dbt with arguments {'printer_width': '80', 'indirect_selection': 'eager', 'log_cache_events': 'False', 'write_json': 'True', 'partial_parse': 'True', 'cache_selected_only': 'False', 'profiles_dir': 'C:\\Users\\aibar\\.dbt', 'fail_fast': 'False', 'debug': 'False', 'log_path': 'logs', 'version_check': 'True', 'warn_error': 'None', 'use_colors': 'True', 'use_experimental_parser': 'False', 'no_print': 'None', 'quiet': 'False', 'log_format': 'default', 'invocation_command': 'dbt init', 'warn_error_options': 'WarnErrorOptions(include=[], exclude=[])', 'introspect': 'True', 'target_path': 'None', 'static_parser': 'True', 'send_anonymous_usage_stats': 'True'}
[0m21:11:59.759786 [debug] [MainThread]: Starter project path: c:\Users\aibar\OneDrive\Desktop\dbt-dev\.venv\Lib\site-packages\dbt\include\starter_project
[0m21:11:59.819288 [info ] [MainThread]: 
Your new dbt project "aibarna_bde_at3" was created!

For more information on how to configure the profiles.yml file,
please consult the dbt documentation here:

  https://docs.getdbt.com/docs/configure-your-profile

One more thing:

Need help? Don't hesitate to reach out to us via GitHub issues or on Slack:

  https://community.getdbt.com/

Happy modeling!

[0m21:11:59.824287 [info ] [MainThread]: Setting up your profile.
[0m21:12:08.008096 [debug] [MainThread]: Command `dbt init` succeeded at 21:12:08.007087 after 26.14 seconds
[0m21:12:08.009100 [debug] [MainThread]: Sending event: {'category': 'dbt', 'action': 'invocation', 'label': 'end', 'context': [<snowplow_tracker.self_describing_json.SelfDescribingJson object at 0x0000022A8A590D90>, <snowplow_tracker.self_describing_json.SelfDescribingJson object at 0x0000022A8A5AE210>, <snowplow_tracker.self_describing_json.SelfDescribingJson object at 0x0000022A83B2C1D0>]}
[0m21:12:08.010093 [debug] [MainThread]: Flushing usage events
[0m21:22:15.492403 [debug] [MainThread]: Sending event: {'category': 'dbt', 'action': 'invocation', 'label': 'start', 'context': [<snowplow_tracker.self_describing_json.SelfDescribingJson object at 0x000002644AD3E750>, <snowplow_tracker.self_describing_json.SelfDescribingJson object at 0x0000026447ECAE10>, <snowplow_tracker.self_describing_json.SelfDescribingJson object at 0x000002644B21BDD0>]}


============================== 21:22:15.497402 | 0cb62e71-5969-4ce7-9da7-0acc1dcd9cd7 ==============================
[0m21:22:15.497402 [info ] [MainThread]: Running with dbt=1.6.6
[0m21:22:15.499402 [debug] [MainThread]: running dbt with arguments {'printer_width': '80', 'indirect_selection': 'eager', 'write_json': 'True', 'log_cache_events': 'False', 'partial_parse': 'True', 'cache_selected_only': 'False', 'warn_error': 'None', 'version_check': 'True', 'profiles_dir': 'C:\\Users\\aibar\\.dbt', 'log_path': 'logs', 'fail_fast': 'False', 'debug': 'False', 'use_colors': 'True', 'use_experimental_parser': 'False', 'no_print': 'None', 'quiet': 'False', 'warn_error_options': 'WarnErrorOptions(include=[], exclude=[])', 'static_parser': 'True', 'introspect': 'True', 'invocation_command': 'dbt init', 'target_path': 'None', 'log_format': 'default', 'send_anonymous_usage_stats': 'True'}
[0m21:22:18.548508 [debug] [MainThread]: Starter project path: c:\Users\aibar\OneDrive\Desktop\dbt-dev\.venv\Lib\site-packages\dbt\include\starter_project
[0m21:22:18.592846 [info ] [MainThread]: 
Your new dbt project "bde" was created!

For more information on how to configure the profiles.yml file,
please consult the dbt documentation here:

  https://docs.getdbt.com/docs/configure-your-profile

One more thing:

Need help? Don't hesitate to reach out to us via GitHub issues or on Slack:

  https://community.getdbt.com/

Happy modeling!

[0m21:22:18.601867 [info ] [MainThread]: Setting up your profile.
[0m21:22:20.325770 [debug] [MainThread]: Command `dbt init` succeeded at 21:22:20.325770 after 4.85 seconds
[0m21:22:20.327782 [debug] [MainThread]: Sending event: {'category': 'dbt', 'action': 'invocation', 'label': 'end', 'context': [<snowplow_tracker.self_describing_json.SelfDescribingJson object at 0x000002644AD26C90>, <snowplow_tracker.self_describing_json.SelfDescribingJson object at 0x00000264488FBA50>, <snowplow_tracker.self_describing_json.SelfDescribingJson object at 0x000002644AB1F810>]}
[0m21:22:20.329808 [debug] [MainThread]: Flushing usage events
[0m21:22:53.626764 [debug] [MainThread]: Sending event: {'category': 'dbt', 'action': 'invocation', 'label': 'start', 'context': [<snowplow_tracker.self_describing_json.SelfDescribingJson object at 0x0000015C0F3D8350>, <snowplow_tracker.self_describing_json.SelfDescribingJson object at 0x0000015C0F48C950>, <snowplow_tracker.self_describing_json.SelfDescribingJson object at 0x0000015C0F88BED0>]}


============================== 21:22:53.630764 | dc1dd3a4-8a46-48ef-a65f-b4270c26dfaf ==============================
[0m21:22:53.630764 [info ] [MainThread]: Running with dbt=1.6.6
[0m21:22:53.632770 [debug] [MainThread]: running dbt with arguments {'printer_width': '80', 'indirect_selection': 'eager', 'write_json': 'True', 'log_cache_events': 'False', 'partial_parse': 'True', 'cache_selected_only': 'False', 'profiles_dir': 'C:\\Users\\aibar\\.dbt', 'debug': 'False', 'warn_error': 'None', 'log_path': 'logs', 'version_check': 'True', 'fail_fast': 'False', 'use_colors': 'True', 'use_experimental_parser': 'False', 'no_print': 'None', 'quiet': 'False', 'warn_error_options': 'WarnErrorOptions(include=[], exclude=[])', 'invocation_command': 'dbt debug', 'static_parser': 'True', 'introspect': 'True', 'target_path': 'None', 'log_format': 'default', 'send_anonymous_usage_stats': 'True'}
[0m21:22:53.633786 [info ] [MainThread]: dbt version: 1.6.6
[0m21:22:53.635767 [info ] [MainThread]: python version: 3.11.4
[0m21:22:53.637765 [info ] [MainThread]: python path: c:\Users\aibar\OneDrive\Desktop\dbt-dev\.venv\Scripts\python.exe
[0m21:22:53.639766 [info ] [MainThread]: os info: Windows-10-10.0.19045-SP0
[0m21:22:53.727804 [info ] [MainThread]: Using profiles dir at C:\Users\aibar\.dbt
[0m21:22:53.730765 [info ] [MainThread]: Using profiles.yml file at C:\Users\aibar\.dbt\profiles.yml
[0m21:22:53.731767 [info ] [MainThread]: Using dbt_project.yml file at C:\Users\aibar\OneDrive\Desktop\dbt-dev\dbt_project.yml
[0m21:22:53.733773 [info ] [MainThread]: Configuration:
[0m21:22:53.734766 [info ] [MainThread]:   profiles.yml file [[31mERROR invalid[0m]
[0m21:22:53.737809 [info ] [MainThread]:   dbt_project.yml file [[31mERROR not found[0m]
[0m21:22:53.741770 [info ] [MainThread]: Required dependencies:
[0m21:22:53.743787 [debug] [MainThread]: Executing "git --help"
[0m21:22:53.807773 [debug] [MainThread]: STDOUT: "b"usage: git [-v | --version] [-h | --help] [-C <path>] [-c <name>=<value>]\n           [--exec-path[=<path>]] [--html-path] [--man-path] [--info-path]\n           [-p | --paginate | -P | --no-pager] [--no-replace-objects] [--bare]\n           [--git-dir=<path>] [--work-tree=<path>] [--namespace=<name>]\n           [--config-env=<name>=<envvar>] <command> [<args>]\n\nThese are common Git commands used in various situations:\n\nstart a working area (see also: git help tutorial)\n   clone     Clone a repository into a new directory\n   init      Create an empty Git repository or reinitialize an existing one\n\nwork on the current change (see also: git help everyday)\n   add       Add file contents to the index\n   mv        Move or rename a file, a directory, or a symlink\n   restore   Restore working tree files\n   rm        Remove files from the working tree and from the index\n\nexamine the history and state (see also: git help revisions)\n   bisect    Use binary search to find the commit that introduced a bug\n   diff      Show changes between commits, commit and working tree, etc\n   grep      Print lines matching a pattern\n   log       Show commit logs\n   show      Show various types of objects\n   status    Show the working tree status\n\ngrow, mark and tweak your common history\n   branch    List, create, or delete branches\n   commit    Record changes to the repository\n   merge     Join two or more development histories together\n   rebase    Reapply commits on top of another base tip\n   reset     Reset current HEAD to the specified state\n   switch    Switch branches\n   tag       Create, list, delete or verify a tag object signed with GPG\n\ncollaborate (see also: git help workflows)\n   fetch     Download objects and refs from another repository\n   pull      Fetch from and integrate with another repository or a local branch\n   push      Update remote refs along with associated objects\n\n'git help -a' and 'git help -g' list available subcommands and some\nconcept guides. See 'git help <command>' or 'git help <concept>'\nto read about a specific subcommand or concept.\nSee 'git help git' for an overview of the system.\n""
[0m21:22:53.809772 [debug] [MainThread]: STDERR: "b''"
[0m21:22:53.811780 [info ] [MainThread]:  - git [[32mOK found[0m]

[0m21:22:53.814804 [info ] [MainThread]: Connection test skipped since no profile was found
[0m21:22:53.816775 [info ] [MainThread]: [31m2 checks failed:[0m
[0m21:22:53.820794 [info ] [MainThread]: Could not load dbt_project.yml
Profile loading failed for the following reason:
Runtime Error
  Credentials in profile "bde", target "dev" invalid: None is not of type 'string'


[0m21:22:53.833774 [info ] [MainThread]: Project loading failed for the following reason:
 project path <C:\Users\aibar\OneDrive\Desktop\dbt-dev\dbt_project.yml> not found

[0m21:22:53.837771 [debug] [MainThread]: Command `dbt debug` failed at 21:22:53.837771 after 0.23 seconds
[0m21:22:53.838769 [debug] [MainThread]: Sending event: {'category': 'dbt', 'action': 'invocation', 'label': 'end', 'context': [<snowplow_tracker.self_describing_json.SelfDescribingJson object at 0x0000015C0F4760D0>, <snowplow_tracker.self_describing_json.SelfDescribingJson object at 0x0000015C0F36AAD0>, <snowplow_tracker.self_describing_json.SelfDescribingJson object at 0x0000015C08633CD0>]}
[0m21:22:53.841863 [debug] [MainThread]: Flushing usage events
